[0m11:39:39.841570 [debug] [MainThread]: Sending event: {'category': 'dbt', 'action': 'invocation', 'label': 'start', 'context': [<snowplow_tracker.self_describing_json.SelfDescribingJson object at 0x0000029CC7E308F0>, <snowplow_tracker.self_describing_json.SelfDescribingJson object at 0x0000029CC7E33B90>, <snowplow_tracker.self_describing_json.SelfDescribingJson object at 0x0000029CC7E33650>]}


============================== 11:39:39.843113 | 7ac02150-7fd0-4906-8ebf-dda6904999be ==============================
[0m11:39:39.843113 [info ] [MainThread]: Running with dbt=1.7.13
[0m11:39:39.843113 [debug] [MainThread]: running dbt with arguments {'printer_width': '80', 'indirect_selection': 'eager', 'write_json': 'True', 'log_cache_events': 'False', 'partial_parse': 'True', 'cache_selected_only': 'False', 'warn_error': 'None', 'version_check': 'True', 'fail_fast': 'False', 'log_path': 'logs', 'profiles_dir': 'C:\\Users\\Varun\\.dbt', 'debug': 'False', 'use_colors': 'True', 'use_experimental_parser': 'False', 'no_print': 'None', 'quiet': 'False', 'warn_error_options': 'WarnErrorOptions(include=[], exclude=[])', 'introspect': 'True', 'static_parser': 'True', 'log_format': 'default', 'target_path': 'None', 'invocation_command': 'dbt init dbtsnow', 'send_anonymous_usage_stats': 'True'}
[0m11:39:39.843113 [debug] [MainThread]: Starter project path: C:\Users\Varun\Desktop\DbtTool\dbt-env\Lib\site-packages\dbt\include\starter_project
[0m11:39:39.857392 [info ] [MainThread]: 
Your new dbt project "dbtsnow" was created!

For more information on how to configure the profiles.yml file,
please consult the dbt documentation here:

  https://docs.getdbt.com/docs/configure-your-profile

One more thing:

Need help? Don't hesitate to reach out to us via GitHub issues or on Slack:

  https://community.getdbt.com/

Happy modeling!

[0m11:39:39.857392 [info ] [MainThread]: Setting up your profile.
[0m11:41:54.132947 [info ] [MainThread]: Profile dbtsnow written to C:\Users\Varun\.dbt\profiles.yml using target's profile_template.yml and your supplied values. Run 'dbt debug' to validate the connection.
[0m11:41:54.142811 [debug] [MainThread]: Command `dbt init` succeeded at 11:41:54.142811 after 134.47 seconds
[0m11:41:54.142811 [debug] [MainThread]: Sending event: {'category': 'dbt', 'action': 'invocation', 'label': 'end', 'context': [<snowplow_tracker.self_describing_json.SelfDescribingJson object at 0x0000029CC73A2FF0>, <snowplow_tracker.self_describing_json.SelfDescribingJson object at 0x0000029CE0AB98E0>, <snowplow_tracker.self_describing_json.SelfDescribingJson object at 0x0000029CC7E32630>]}
[0m11:41:54.142811 [debug] [MainThread]: Flushing usage events
[0m11:45:27.606799 [debug] [MainThread]: Sending event: {'category': 'dbt', 'action': 'invocation', 'label': 'start', 'context': [<snowplow_tracker.self_describing_json.SelfDescribingJson object at 0x000001EB5B7879B0>, <snowplow_tracker.self_describing_json.SelfDescribingJson object at 0x000001EB5B7870E0>, <snowplow_tracker.self_describing_json.SelfDescribingJson object at 0x000001EB5B784EC0>]}


============================== 11:45:27.614036 | 5986a89e-6356-45af-9688-9752b0501e5f ==============================
[0m11:45:27.614036 [info ] [MainThread]: Running with dbt=1.7.13
[0m11:45:27.614036 [debug] [MainThread]: running dbt with arguments {'printer_width': '80', 'indirect_selection': 'eager', 'write_json': 'True', 'log_cache_events': 'False', 'partial_parse': 'True', 'cache_selected_only': 'False', 'warn_error': 'None', 'fail_fast': 'False', 'debug': 'False', 'log_path': 'logs', 'version_check': 'True', 'profiles_dir': 'C:\\Users\\Varun\\.dbt', 'use_colors': 'True', 'use_experimental_parser': 'False', 'no_print': 'None', 'quiet': 'False', 'warn_error_options': 'WarnErrorOptions(include=[], exclude=[])', 'invocation_command': 'dbt debug', 'introspect': 'True', 'static_parser': 'True', 'target_path': 'None', 'log_format': 'default', 'send_anonymous_usage_stats': 'True'}
[0m11:45:27.614036 [info ] [MainThread]: dbt version: 1.7.13
[0m11:45:27.614036 [info ] [MainThread]: python version: 3.12.3
[0m11:45:27.614036 [info ] [MainThread]: python path: C:\Users\Varun\Desktop\DbtTool\dbt-env\Scripts\python.exe
[0m11:45:27.614036 [info ] [MainThread]: os info: Windows-11-10.0.22631-SP0
[0m11:45:28.728794 [info ] [MainThread]: Using profiles dir at C:\Users\Varun\.dbt
[0m11:45:28.728794 [info ] [MainThread]: Using profiles.yml file at C:\Users\Varun\.dbt\profiles.yml
[0m11:45:28.731801 [info ] [MainThread]: Using dbt_project.yml file at C:\Users\Varun\Desktop\DbtTool\dbt\dbt_project.yml
[0m11:45:28.734842 [info ] [MainThread]: adapter type: snowflake
[0m11:45:28.734842 [info ] [MainThread]: adapter version: 1.7.3
[0m11:45:28.734842 [info ] [MainThread]: Configuration:
[0m11:45:28.734842 [info ] [MainThread]:   profiles.yml file [[32mOK found and valid[0m]
[0m11:45:28.741854 [info ] [MainThread]:   dbt_project.yml file [[31mERROR not found[0m]
[0m11:45:28.741854 [info ] [MainThread]: Required dependencies:
[0m11:45:28.741854 [debug] [MainThread]: Executing "git --help"
[0m11:45:28.894021 [debug] [MainThread]: STDOUT: "b"usage: git [-v | --version] [-h | --help] [-C <path>] [-c <name>=<value>]\n           [--exec-path[=<path>]] [--html-path] [--man-path] [--info-path]\n           [-p | --paginate | -P | --no-pager] [--no-replace-objects] [--bare]\n           [--git-dir=<path>] [--work-tree=<path>] [--namespace=<name>]\n           [--config-env=<name>=<envvar>] <command> [<args>]\n\nThese are common Git commands used in various situations:\n\nstart a working area (see also: git help tutorial)\n   clone     Clone a repository into a new directory\n   init      Create an empty Git repository or reinitialize an existing one\n\nwork on the current change (see also: git help everyday)\n   add       Add file contents to the index\n   mv        Move or rename a file, a directory, or a symlink\n   restore   Restore working tree files\n   rm        Remove files from the working tree and from the index\n\nexamine the history and state (see also: git help revisions)\n   bisect    Use binary search to find the commit that introduced a bug\n   diff      Show changes between commits, commit and working tree, etc\n   grep      Print lines matching a pattern\n   log       Show commit logs\n   show      Show various types of objects\n   status    Show the working tree status\n\ngrow, mark and tweak your common history\n   branch    List, create, or delete branches\n   commit    Record changes to the repository\n   merge     Join two or more development histories together\n   rebase    Reapply commits on top of another base tip\n   reset     Reset current HEAD to the specified state\n   switch    Switch branches\n   tag       Create, list, delete or verify a tag object signed with GPG\n\ncollaborate (see also: git help workflows)\n   fetch     Download objects and refs from another repository\n   pull      Fetch from and integrate with another repository or a local branch\n   push      Update remote refs along with associated objects\n\n'git help -a' and 'git help -g' list available subcommands and some\nconcept guides. See 'git help <command>' or 'git help <concept>'\nto read about a specific subcommand or concept.\nSee 'git help git' for an overview of the system.\n""
[0m11:45:28.894021 [debug] [MainThread]: STDERR: "b''"
[0m11:45:28.894021 [info ] [MainThread]:  - git [[32mOK found[0m]

[0m11:45:28.894021 [info ] [MainThread]: Connection:
[0m11:45:28.894021 [info ] [MainThread]:   account: skxrlhy-sj51472
[0m11:45:28.894021 [info ] [MainThread]:   user: VARUNSERVSOFT
[0m11:45:28.894021 [info ] [MainThread]:   database: PC_FIVETRAN_DB
[0m11:45:28.901587 [info ] [MainThread]:   warehouse: COMPUTE_WH
[0m11:45:28.901587 [info ] [MainThread]:   role: ACCOUNTADMIN
[0m11:45:28.901587 [info ] [MainThread]:   schema: GOOGLE_SHEETS_DEMO
[0m11:45:28.901587 [info ] [MainThread]:   authenticator: None
[0m11:45:28.901587 [info ] [MainThread]:   oauth_client_id: None
[0m11:45:28.901587 [info ] [MainThread]:   query_tag: None
[0m11:45:28.910150 [info ] [MainThread]:   client_session_keep_alive: False
[0m11:45:28.911766 [info ] [MainThread]:   host: None
[0m11:45:28.911766 [info ] [MainThread]:   port: None
[0m11:45:28.911766 [info ] [MainThread]:   proxy_host: None
[0m11:45:28.911766 [info ] [MainThread]:   proxy_port: None
[0m11:45:28.911766 [info ] [MainThread]:   protocol: None
[0m11:45:28.921816 [info ] [MainThread]:   connect_retries: 1
[0m11:45:28.921816 [info ] [MainThread]:   connect_timeout: None
[0m11:45:28.921816 [info ] [MainThread]:   retry_on_database_errors: False
[0m11:45:28.925851 [info ] [MainThread]:   retry_all: False
[0m11:45:28.925851 [info ] [MainThread]:   insecure_mode: False
[0m11:45:28.928863 [info ] [MainThread]:   reuse_connections: None
[0m11:45:28.928863 [info ] [MainThread]: Registered adapter: snowflake=1.7.3
[0m11:45:28.931911 [debug] [MainThread]: Acquiring new snowflake connection 'debug'
[0m11:45:28.931911 [debug] [MainThread]: Using snowflake connection "debug"
[0m11:45:28.936963 [debug] [MainThread]: On debug: select 1 as id
[0m11:45:28.936963 [debug] [MainThread]: Opening a new connection, currently in state init
[0m11:45:29.751738 [debug] [MainThread]: SQL status: SUCCESS 1 in 1.0 seconds
[0m11:45:29.752780 [debug] [MainThread]: On debug: Close
[0m11:45:29.857179 [info ] [MainThread]:   Connection test: [[32mOK connection ok[0m]

[0m11:45:29.857796 [info ] [MainThread]: [31m1 check failed:[0m
[0m11:45:29.859721 [info ] [MainThread]: Project loading failed for the following reason:
 project path <C:\Users\Varun\Desktop\DbtTool\dbt\dbt_project.yml> not found

[0m11:45:29.876270 [debug] [MainThread]: Command `dbt debug` failed at 11:45:29.876270 after 2.46 seconds
[0m11:45:29.876270 [debug] [MainThread]: Connection 'debug' was properly closed.
[0m11:45:29.879788 [debug] [MainThread]: Sending event: {'category': 'dbt', 'action': 'invocation', 'label': 'end', 'context': [<snowplow_tracker.self_describing_json.SelfDescribingJson object at 0x000001EB5B37B260>, <snowplow_tracker.self_describing_json.SelfDescribingJson object at 0x000001EB5B633680>, <snowplow_tracker.self_describing_json.SelfDescribingJson object at 0x000001EB5B514380>]}
[0m11:45:29.881796 [debug] [MainThread]: Flushing usage events
